2023-01-05 09:07:41.345  INFO 6988 --- [cluster-ClusterId{value='63b4080642fd3a3ebfeef554', description='null'}-ac-svd3c3e-shard-00-02.vlk2ru1.mongodb.net:27017] org.mongodb.driver.cluster               : Exception in monitor thread while connecting to server ac-svd3c3e-shard-00-02.vlk2ru1.mongodb.net:27017

com.mongodb.MongoSocketException: ac-svd3c3e-shard-00-02.vlk2ru1.mongodb.net
	at com.mongodb.ServerAddress.getSocketAddresses(ServerAddress.java:217) ~[mongodb-driver-core-4.6.1.jar:na]
	at com.mongodb.internal.connection.SocketStream.initializeSocket(SocketStream.java:75) ~[mongodb-driver-core-4.6.1.jar:na]
	at com.mongodb.internal.connection.SocketStream.open(SocketStream.java:65) ~[mongodb-driver-core-4.6.1.jar:na]
	at com.mongodb.internal.connection.InternalStreamConnection.open(InternalStreamConnection.java:180) ~[mongodb-driver-core-4.6.1.jar:na]
	at com.mongodb.internal.connection.DefaultServerMonitor$ServerMonitorRunnable.lookupServerDescription(DefaultServerMonitor.java:193) ~[mongodb-driver-core-4.6.1.jar:na]
	at com.mongodb.internal.connection.DefaultServerMonitor$ServerMonitorRunnable.run(DefaultServerMonitor.java:157) ~[mongodb-driver-core-4.6.1.jar:na]
	at java.base/java.lang.Thread.run(Thread.java:833) ~[na:na]
Caused by: java.net.UnknownHostException: ac-svd3c3e-shard-00-02.vlk2ru1.mongodb.net
	at java.base/java.net.InetAddress$CachedAddresses.get(InetAddress.java:801) ~[na:na]
	at java.base/java.net.InetAddress.getAllByName0(InetAddress.java:1509) ~[na:na]
	at java.base/java.net.InetAddress.getAllByName(InetAddress.java:1367) ~[na:na]
	at java.base/java.net.InetAddress.getAllByName(InetAddress.java:1301) ~[na:na]
	at com.mongodb.ServerAddress.getSocketAddresses(ServerAddress.java:209) ~[mongodb-driver-core-4.6.1.jar:na]
	... 6 common frames omitted

2023-01-05 09:07:49.471  INFO 6988 --- [cluster-ClusterId{value='63b4080642fd3a3ebfeef554', description='null'}-ac-svd3c3e-shard-00-00.vlk2ru1.mongodb.net:27017] org.mongodb.driver.connection            : Opened connection [connectionId{localValue:51, serverValue:36694}] to ac-svd3c3e-shard-00-00.vlk2ru1.mongodb.net:27017
2023-01-05 09:07:49.473  INFO 6988 --- [cluster-ClusterId{value='63b4080642fd3a3ebfeef554', description='null'}-ac-svd3c3e-shard-00-00.vlk2ru1.mongodb.net:27017] org.mongodb.driver.cluster               : Monitor thread successfully connected to server with description ServerDescription{address=ac-svd3c3e-shard-00-00.vlk2ru1.mongodb.net:27017, type=REPLICA_SET_SECONDARY, state=CONNECTED, ok=true, minWireVersion=0, maxWireVersion=13, maxDocumentSize=16777216, logicalSessionTimeoutMinutes=30, roundTripTimeNanos=262204000, setName='atlas-l23rhe-shard-0', canonicalAddress=ac-svd3c3e-shard-00-00.vlk2ru1.mongodb.net:27017, hosts=[ac-svd3c3e-shard-00-00.vlk2ru1.mongodb.net:27017, ac-svd3c3e-shard-00-01.vlk2ru1.mongodb.net:27017, ac-svd3c3e-shard-00-02.vlk2ru1.mongodb.net:27017], passives=[], arbiters=[], primary='ac-svd3c3e-shard-00-01.vlk2ru1.mongodb.net:27017', tagSet=TagSet{[Tag{name='nodeType', value='ELECTABLE'}, Tag{name='provider', value='AWS'}, Tag{name='region', value='AP_SOUTH_1'}, Tag{name='workloadType', value='OPERATIONAL'}]}, electionId=null, setVersion=4, topologyVersion=TopologyVersion{processId=63b43beb9088142f5ef9ceb2, counter=4}, lastWriteDate=Thu Jan 05 09:07:48 IST 2023, lastUpdateTimeNanos=254377148206800}
2023-01-05 09:07:49.586  INFO 6988 --- [cluster-ClusterId{value='63b4080642fd3a3ebfeef554', description='null'}-ac-svd3c3e-shard-00-01.vlk2ru1.mongodb.net:27017] org.mongodb.driver.connection            : Opened connection [connectionId{localValue:52, serverValue:39097}] to ac-svd3c3e-shard-00-01.vlk2ru1.mongodb.net:27017
2023-01-05 09:07:49.587  INFO 6988 --- [cluster-ClusterId{value='63b4080642fd3a3ebfeef554', description='null'}-ac-svd3c3e-shard-00-01.vlk2ru1.mongodb.net:27017] org.mongodb.driver.cluster               : Monitor thread successfully connected to server with description ServerDescription{address=ac-svd3c3e-shard-00-01.vlk2ru1.mongodb.net:27017, type=REPLICA_SET_PRIMARY, state=CONNECTED, ok=true, minWireVersion=0, maxWireVersion=13, maxDocumentSize=16777216, logicalSessionTimeoutMinutes=30, roundTripTimeNanos=206589200, setName='atlas-l23rhe-shard-0', canonicalAddress=ac-svd3c3e-shard-00-01.vlk2ru1.mongodb.net:27017, hosts=[ac-svd3c3e-shard-00-00.vlk2ru1.mongodb.net:27017, ac-svd3c3e-shard-00-01.vlk2ru1.mongodb.net:27017, ac-svd3c3e-shard-00-02.vlk2ru1.mongodb.net:27017], passives=[], arbiters=[], primary='ac-svd3c3e-shard-00-01.vlk2ru1.mongodb.net:27017', tagSet=TagSet{[Tag{name='nodeType', value='ELECTABLE'}, Tag{name='provider', value='AWS'}, Tag{name='region', value='AP_SOUTH_1'}, Tag{name='workloadType', value='OPERATIONAL'}]}, electionId=7fffffff00000000000000a8, setVersion=4, topologyVersion=TopologyVersion{processId=63b43cf903e5135e0fb26b9c, counter=6}, lastWriteDate=Thu Jan 05 09:07:48 IST 2023, lastUpdateTimeNanos=254377264066600}
2023-01-05 09:07:49.587  INFO 6988 --- [cluster-ClusterId{value='63b4080642fd3a3ebfeef554', description='null'}-ac-svd3c3e-shard-00-01.vlk2ru1.mongodb.net:27017] org.mongodb.driver.cluster               : Discovered replica set primary ac-svd3c3e-shard-00-01.vlk2ru1.mongodb.net:27017
2023-01-05 09:07:50.260  INFO 6988 --- [cluster-rtt-ClusterId{value='63b4080642fd3a3ebfeef554', description='null'}-ac-svd3c3e-shard-00-00.vlk2ru1.mongodb.net:27017] org.mongodb.driver.connection            : Opened connection [connectionId{localValue:53, serverValue:36698}] to ac-svd3c3e-shard-00-00.vlk2ru1.mongodb.net:27017
2023-01-05 09:07:50.359  INFO 6988 --- [cluster-rtt-ClusterId{value='63b4080642fd3a3ebfeef554', description='null'}-ac-svd3c3e-shard-00-01.vlk2ru1.mongodb.net:27017] org.mongodb.driver.connection            : Opened connection [connectionId{localValue:54, serverValue:39107}] to ac-svd3c3e-shard-00-01.vlk2ru1.mongodb.net:27017
2023-01-05 09:07:51.212  INFO 6988 --- [cluster-rtt-ClusterId{value='63b4080642fd3a3ebfeef554', description='null'}-ac-svd3c3e-shard-00-02.vlk2ru1.mongodb.net:27017] org.mongodb.driver.connection            : Opened connection [connectionId{localValue:55, serverValue:36037}] to ac-svd3c3e-shard-00-02.vlk2ru1.mongodb.net:27017
2023-01-05 09:07:51.928  INFO 6988 --- [cluster-ClusterId{value='63b4080642fd3a3ebfeef554', description='null'}-ac-svd3c3e-shard-00-02.vlk2ru1.mongodb.net:27017] org.mongodb.driver.connection            : Opened connection [connectionId{localValue:56, serverValue:36036}] to ac-svd3c3e-shard-00-02.vlk2ru1.mongodb.net:27017
2023-01-05 09:07:51.928  INFO 6988 --- [cluster-ClusterId{value='63b4080642fd3a3ebfeef554', description='null'}-ac-svd3c3e-shard-00-02.vlk2ru1.mongodb.net:27017] org.mongodb.driver.cluster               : Monitor thread successfully connected to server with description ServerDescription{address=ac-svd3c3e-shard-00-02.vlk2ru1.mongodb.net:27017, type=REPLICA_SET_SECONDARY, state=CONNECTED, ok=true, minWireVersion=0, maxWireVersion=13, maxDocumentSize=16777216, logicalSessionTimeoutMinutes=30, roundTripTimeNanos=143914300, setName='atlas-l23rhe-shard-0', canonicalAddress=ac-svd3c3e-shard-00-02.vlk2ru1.mongodb.net:27017, hosts=[ac-svd3c3e-shard-00-00.vlk2ru1.mongodb.net:27017, ac-svd3c3e-shard-00-01.vlk2ru1.mongodb.net:27017, ac-svd3c3e-shard-00-02.vlk2ru1.mongodb.net:27017], passives=[], arbiters=[], primary='ac-svd3c3e-shard-00-01.vlk2ru1.mongodb.net:27017', tagSet=TagSet{[Tag{name='nodeType', value='ELECTABLE'}, Tag{name='provider', value='AWS'}, Tag{name='region', value='AP_SOUTH_1'}, Tag{name='workloadType', value='OPERATIONAL'}]}, electionId=null, setVersion=4, topologyVersion=TopologyVersion{processId=63b43e11090621ada962021c, counter=3}, lastWriteDate=Thu Jan 05 09:07:50 IST 2023, lastUpdateTimeNanos=254379605438900}
2023-01-05 09:08:18.447  INFO 6988 --- [AsyncResolver-bootstrap-executor-0] c.n.d.s.r.aws.ConfigClusterResolver      : Resolving eureka endpoints via configuration
2023-01-05 09:13:18.396  INFO 6988 --- [AsyncResolver-bootstrap-executor-0] c.n.d.s.r.aws.ConfigClusterResolver      : Resolving eureka endpoints via configuration
2023-01-05 09:18:17.409  INFO 6988 --- [AsyncResolver-bootstrap-executor-0] c.n.d.s.r.aws.ConfigClusterResolver      : Resolving eureka endpoints via configuration
2023-01-05 09:18:32.864  INFO 6988 --- [Thread-14] o.s.c.n.e.s.EurekaServiceRegistry        : Unregistering application USER-SERVICE with eureka with status DOWN
2023-01-05 09:18:32.865  INFO 6988 --- [Thread-14] com.netflix.discovery.DiscoveryClient    : Saw local status change event StatusChangeEvent [timestamp=1672890512865, current=DOWN, previous=UP]
2023-01-05 09:18:32.868  INFO 6988 --- [DiscoveryClient-InstanceInfoReplicator-0] com.netflix.discovery.DiscoveryClient    : DiscoveryClient_USER-SERVICE/LIN24010725.corp.capgemini.com:user-service:9093: registering service...
2023-01-05 09:18:32.969  INFO 6988 --- [DiscoveryClient-InstanceInfoReplicator-0] com.netflix.discovery.DiscoveryClient    : DiscoveryClient_USER-SERVICE/LIN24010725.corp.capgemini.com:user-service:9093 - registration status: 204
2023-01-05 09:18:33.394  INFO 6988 --- [Thread-14] com.netflix.discovery.DiscoveryClient    : Shutting down DiscoveryClient ...
2023-01-05 09:18:36.453  INFO 6988 --- [Thread-14] com.netflix.discovery.DiscoveryClient    : Unregistering ...
2023-01-05 09:18:36.460  INFO 6988 --- [Thread-14] com.netflix.discovery.DiscoveryClient    : DiscoveryClient_USER-SERVICE/LIN24010725.corp.capgemini.com:user-service:9093 - deregister  status: 200
2023-01-05 09:18:36.570  INFO 6988 --- [Thread-14] com.netflix.discovery.DiscoveryClient    : Completed shut down of DiscoveryClient
2023-01-05 09:18:37.361  INFO 6988 --- [restartedMain] com.cg.UserServiceApplication            : Starting UserServiceApplication using Java 17.0.3 on LIN24010725 with PID 6988 (C:\Users\SIBEVARA\OneDrive - Capgemini\Desktop\On-Demand-Car-Wash-System-master\user-service\target\classes started by sibevara in C:\Users\SIBEVARA\OneDrive - Capgemini\Desktop\On-Demand-Car-Wash-System-master\user-service)
2023-01-05 09:18:37.362  INFO 6988 --- [restartedMain] com.cg.UserServiceApplication            : No active profile set, falling back to 1 default profile: "default"
2023-01-05 09:18:37.790  INFO 6988 --- [restartedMain] .s.d.r.c.RepositoryConfigurationDelegate : Bootstrapping Spring Data MongoDB repositories in DEFAULT mode.
2023-01-05 09:18:37.812  INFO 6988 --- [restartedMain] .s.d.r.c.RepositoryConfigurationDelegate : Finished Spring Data repository scanning in 21 ms. Found 1 MongoDB repository interfaces.
2023-01-05 09:18:37.895  INFO 6988 --- [restartedMain] o.s.cloud.context.scope.GenericScope     : BeanFactory id=57effeaf-6b25-38bf-b549-243c7313c9c1
2023-01-05 09:18:38.007  INFO 6988 --- [restartedMain] o.s.b.w.embedded.tomcat.TomcatWebServer  : Tomcat initialized with port(s): 9093 (http)
2023-01-05 09:18:38.009  INFO 6988 --- [restartedMain] o.apache.catalina.core.StandardService   : Starting service [Tomcat]
2023-01-05 09:18:38.009  INFO 6988 --- [restartedMain] org.apache.catalina.core.StandardEngine  : Starting Servlet engine: [Apache Tomcat/9.0.65]
2023-01-05 09:18:38.057  INFO 6988 --- [restartedMain] o.a.c.c.C.[Tomcat].[localhost].[/]       : Initializing Spring embedded WebApplicationContext
2023-01-05 09:18:38.057  INFO 6988 --- [restartedMain] w.s.c.ServletWebServerApplicationContext : Root WebApplicationContext: initialization completed in 692 ms
2023-01-05 09:18:38.427  INFO 6988 --- [restartedMain] org.mongodb.driver.client                : MongoClient with metadata {"driver": {"name": "mongo-java-driver|sync|spring-boot", "version": "4.6.1"}, "os": {"type": "Windows", "name": "Windows 11", "architecture": "amd64", "version": "10.0"}, "platform": "Java/Eclipse Adoptium/17.0.3+7"} created with settings MongoClientSettings{readPreference=primary, writeConcern=WriteConcern{w=majority, wTimeout=null ms, journal=null}, retryWrites=true, retryReads=true, readConcern=ReadConcern{level=null}, credential=MongoCredential{mechanism=null, userName='SIBEVARA', source='admin', password=<hidden>, mechanismProperties=<hidden>}, streamFactoryFactory=null, commandListeners=[], codecRegistry=ProvidersCodecRegistry{codecProviders=[ValueCodecProvider{}, BsonValueCodecProvider{}, DBRefCodecProvider{}, DBObjectCodecProvider{}, DocumentCodecProvider{}, IterableCodecProvider{}, MapCodecProvider{}, GeoJsonCodecProvider{}, GridFSFileCodecProvider{}, Jsr310CodecProvider{}, JsonObjectCodecProvider{}, BsonCodecProvider{}, EnumCodecProvider{}, com.mongodb.Jep395RecordCodecProvider@3f6a4498]}, clusterSettings={hosts=[127.0.0.1:27017], srvHost=cluster0.vlk2ru1.mongodb.net, srvServiceName=mongodb, mode=MULTIPLE, requiredClusterType=REPLICA_SET, requiredReplicaSetName='atlas-l23rhe-shard-0', serverSelector='null', clusterListeners='[]', serverSelectionTimeout='30000 ms', localThreshold='30000 ms'}, socketSettings=SocketSettings{connectTimeoutMS=10000, readTimeoutMS=0, receiveBufferSize=0, sendBufferSize=0}, heartbeatSocketSettings=SocketSettings{connectTimeoutMS=10000, readTimeoutMS=10000, receiveBufferSize=0, sendBufferSize=0}, connectionPoolSettings=ConnectionPoolSettings{maxSize=100, minSize=0, maxWaitTimeMS=120000, maxConnectionLifeTimeMS=0, maxConnectionIdleTimeMS=0, maintenanceInitialDelayMS=0, maintenanceFrequencyMS=60000, connectionPoolListeners=[], maxConnecting=2}, serverSettings=ServerSettings{heartbeatFrequencyMS=10000, minHeartbeatFrequencyMS=500, serverListeners='[]', serverMonitorListeners='[]'}, sslSettings=SslSettings{enabled=true, invalidHostNameAllowed=false, context=null}, applicationName='null', compressorList=[], uuidRepresentation=JAVA_LEGACY, serverApi=null, autoEncryptionSettings=null, contextProvider=null}
2023-01-05 09:18:38.558  INFO 6988 --- [cluster-ClusterId{value='63b6489642fd3a3ebfeef555', description='null'}-srv-cluster0.vlk2ru1.mongodb.net] org.mongodb.driver.cluster               : Adding discovered server ac-svd3c3e-shard-00-01.vlk2ru1.mongodb.net:27017 to client view of cluster
2023-01-05 09:18:38.559  INFO 6988 --- [cluster-ClusterId{value='63b6489642fd3a3ebfeef555', description='null'}-srv-cluster0.vlk2ru1.mongodb.net] org.mongodb.driver.cluster               : Adding discovered server ac-svd3c3e-shard-00-00.vlk2ru1.mongodb.net:27017 to client view of cluster
2023-01-05 09:18:38.559  INFO 6988 --- [cluster-ClusterId{value='63b6489642fd3a3ebfeef555', description='null'}-srv-cluster0.vlk2ru1.mongodb.net] org.mongodb.driver.cluster               : Adding discovered server ac-svd3c3e-shard-00-02.vlk2ru1.mongodb.net:27017 to client view of cluster
2023-01-05 09:18:38.717  WARN 6988 --- [restartedMain] o.s.data.convert.CustomConversions       : Registering converter from class java.time.LocalDateTime to class org.joda.time.LocalDateTime as reading converter although it doesn't convert from a store-supported type; You might want to check your annotation setup at the converter implementation
2023-01-05 09:18:38.799  WARN 6988 --- [restartedMain] o.s.data.convert.CustomConversions       : Registering converter from class java.time.LocalDateTime to class org.joda.time.LocalDateTime as reading converter although it doesn't convert from a store-supported type; You might want to check your annotation setup at the converter implementation
2023-01-05 09:18:38.869  WARN 6988 --- [restartedMain] o.s.b.d.a.OptionalLiveReloadServer       : Unable to start LiveReload server
2023-01-05 09:18:38.988  INFO 6988 --- [cluster-ClusterId{value='63b6489642fd3a3ebfeef555', description='null'}-ac-svd3c3e-shard-00-01.vlk2ru1.mongodb.net:27017] org.mongodb.driver.connection            : Opened connection [connectionId{localValue:57, serverValue:39232}] to ac-svd3c3e-shard-00-01.vlk2ru1.mongodb.net:27017
2023-01-05 09:18:38.988  INFO 6988 --- [cluster-ClusterId{value='63b6489642fd3a3ebfeef555', description='null'}-ac-svd3c3e-shard-00-01.vlk2ru1.mongodb.net:27017] org.mongodb.driver.cluster               : Monitor thread successfully connected to server with description ServerDescription{address=ac-svd3c3e-shard-00-01.vlk2ru1.mongodb.net:27017, type=REPLICA_SET_PRIMARY, state=CONNECTED, ok=true, minWireVersion=0, maxWireVersion=13, maxDocumentSize=16777216, logicalSessionTimeoutMinutes=30, roundTripTimeNanos=186029700, setName='atlas-l23rhe-shard-0', canonicalAddress=ac-svd3c3e-shard-00-01.vlk2ru1.mongodb.net:27017, hosts=[ac-svd3c3e-shard-00-00.vlk2ru1.mongodb.net:27017, ac-svd3c3e-shard-00-01.vlk2ru1.mongodb.net:27017, ac-svd3c3e-shard-00-02.vlk2ru1.mongodb.net:27017], passives=[], arbiters=[], primary='ac-svd3c3e-shard-00-01.vlk2ru1.mongodb.net:27017', tagSet=TagSet{[Tag{name='nodeType', value='ELECTABLE'}, Tag{name='provider', value='AWS'}, Tag{name='region', value='AP_SOUTH_1'}, Tag{name='workloadType', value='OPERATIONAL'}]}, electionId=7fffffff00000000000000a8, setVersion=4, topologyVersion=TopologyVersion{processId=63b43cf903e5135e0fb26b9c, counter=6}, lastWriteDate=Thu Jan 05 09:18:38 IST 2023, lastUpdateTimeNanos=255027716565000}
2023-01-05 09:18:38.988  INFO 6988 --- [cluster-ClusterId{value='63b6489642fd3a3ebfeef555', description='null'}-ac-svd3c3e-shard-00-01.vlk2ru1.mongodb.net:27017] org.mongodb.driver.cluster               : Setting max election id to 7fffffff00000000000000a8 from replica set primary ac-svd3c3e-shard-00-01.vlk2ru1.mongodb.net:27017
2023-01-05 09:18:38.988  INFO 6988 --- [cluster-ClusterId{value='63b6489642fd3a3ebfeef555', description='null'}-ac-svd3c3e-shard-00-01.vlk2ru1.mongodb.net:27017] org.mongodb.driver.cluster               : Setting max set version to 4 from replica set primary ac-svd3c3e-shard-00-01.vlk2ru1.mongodb.net:27017
2023-01-05 09:18:38.988  INFO 6988 --- [cluster-ClusterId{value='63b6489642fd3a3ebfeef555', description='null'}-ac-svd3c3e-shard-00-01.vlk2ru1.mongodb.net:27017] org.mongodb.driver.cluster               : Discovered replica set primary ac-svd3c3e-shard-00-01.vlk2ru1.mongodb.net:27017
2023-01-05 09:18:39.042  INFO 6988 --- [cluster-rtt-ClusterId{value='63b6489642fd3a3ebfeef555', description='null'}-ac-svd3c3e-shard-00-01.vlk2ru1.mongodb.net:27017] org.mongodb.driver.connection            : Opened connection [connectionId{localValue:58, serverValue:39232}] to ac-svd3c3e-shard-00-01.vlk2ru1.mongodb.net:27017
2023-01-05 09:18:39.175  INFO 6988 --- [cluster-rtt-ClusterId{value='63b6489642fd3a3ebfeef555', description='null'}-ac-svd3c3e-shard-00-02.vlk2ru1.mongodb.net:27017] org.mongodb.driver.connection            : Opened connection [connectionId{localValue:62, serverValue:36129}] to ac-svd3c3e-shard-00-02.vlk2ru1.mongodb.net:27017
2023-01-05 09:18:39.175  INFO 6988 --- [cluster-ClusterId{value='63b6489642fd3a3ebfeef555', description='null'}-ac-svd3c3e-shard-00-00.vlk2ru1.mongodb.net:27017] org.mongodb.driver.connection            : Opened connection [connectionId{localValue:59, serverValue:36831}] to ac-svd3c3e-shard-00-00.vlk2ru1.mongodb.net:27017
2023-01-05 09:18:39.175  INFO 6988 --- [cluster-ClusterId{value='63b6489642fd3a3ebfeef555', description='null'}-ac-svd3c3e-shard-00-00.vlk2ru1.mongodb.net:27017] org.mongodb.driver.cluster               : Monitor thread successfully connected to server with description ServerDescription{address=ac-svd3c3e-shard-00-00.vlk2ru1.mongodb.net:27017, type=REPLICA_SET_SECONDARY, state=CONNECTED, ok=true, minWireVersion=0, maxWireVersion=13, maxDocumentSize=16777216, logicalSessionTimeoutMinutes=30, roundTripTimeNanos=185862900, setName='atlas-l23rhe-shard-0', canonicalAddress=ac-svd3c3e-shard-00-00.vlk2ru1.mongodb.net:27017, hosts=[ac-svd3c3e-shard-00-00.vlk2ru1.mongodb.net:27017, ac-svd3c3e-shard-00-01.vlk2ru1.mongodb.net:27017, ac-svd3c3e-shard-00-02.vlk2ru1.mongodb.net:27017], passives=[], arbiters=[], primary='ac-svd3c3e-shard-00-01.vlk2ru1.mongodb.net:27017', tagSet=TagSet{[Tag{name='nodeType', value='ELECTABLE'}, Tag{name='provider', value='AWS'}, Tag{name='region', value='AP_SOUTH_1'}, Tag{name='workloadType', value='OPERATIONAL'}]}, electionId=null, setVersion=4, topologyVersion=TopologyVersion{processId=63b43beb9088142f5ef9ceb2, counter=4}, lastWriteDate=Thu Jan 05 09:18:39 IST 2023, lastUpdateTimeNanos=255027904222400}
2023-01-05 09:18:39.191  INFO 6988 --- [restartedMain] o.s.s.web.DefaultSecurityFilterChain     : Will secure any request with [org.springframework.security.web.session.DisableEncodeUrlFilter@4ae0a553, org.springframework.security.web.context.request.async.WebAsyncManagerIntegrationFilter@77066be0, org.springframework.security.web.context.SecurityContextPersistenceFilter@1f52f780, org.springframework.security.web.header.HeaderWriterFilter@1095fda, org.springframework.security.web.authentication.logout.LogoutFilter@4c0aa08a, com.cg.filter.JwtRequestFilter@318ba734, org.springframework.security.web.savedrequest.RequestCacheAwareFilter@22e58a05, org.springframework.security.web.servletapi.SecurityContextHolderAwareRequestFilter@6959f60c, org.springframework.security.web.authentication.AnonymousAuthenticationFilter@67aa7cab, org.springframework.security.web.session.SessionManagementFilter@4ecc6a95, org.springframework.security.web.access.ExceptionTranslationFilter@4cee2c9b, org.springframework.security.web.access.intercept.FilterSecurityInterceptor@29de34bb]
2023-01-05 09:18:39.207  INFO 6988 --- [cluster-rtt-ClusterId{value='63b6489642fd3a3ebfeef555', description='null'}-ac-svd3c3e-shard-00-00.vlk2ru1.mongodb.net:27017] org.mongodb.driver.connection            : Opened connection [connectionId{localValue:60, serverValue:36830}] to ac-svd3c3e-shard-00-00.vlk2ru1.mongodb.net:27017
2023-01-05 09:18:39.207  INFO 6988 --- [restartedMain] pertySourcedRequestMappingHandlerMapping : Mapped URL path [/v2/api-docs] onto method [springfox.documentation.swagger2.web.Swagger2Controller#getDocumentation(String, HttpServletRequest)]
2023-01-05 09:18:39.241  INFO 6988 --- [cluster-ClusterId{value='63b6489642fd3a3ebfeef555', description='null'}-ac-svd3c3e-shard-00-02.vlk2ru1.mongodb.net:27017] org.mongodb.driver.connection            : Opened connection [connectionId{localValue:61, serverValue:36129}] to ac-svd3c3e-shard-00-02.vlk2ru1.mongodb.net:27017
2023-01-05 09:18:39.241  INFO 6988 --- [cluster-ClusterId{value='63b6489642fd3a3ebfeef555', description='null'}-ac-svd3c3e-shard-00-02.vlk2ru1.mongodb.net:27017] org.mongodb.driver.cluster               : Monitor thread successfully connected to server with description ServerDescription{address=ac-svd3c3e-shard-00-02.vlk2ru1.mongodb.net:27017, type=REPLICA_SET_SECONDARY, state=CONNECTED, ok=true, minWireVersion=0, maxWireVersion=13, maxDocumentSize=16777216, logicalSessionTimeoutMinutes=30, roundTripTimeNanos=239154500, setName='atlas-l23rhe-shard-0', canonicalAddress=ac-svd3c3e-shard-00-02.vlk2ru1.mongodb.net:27017, hosts=[ac-svd3c3e-shard-00-00.vlk2ru1.mongodb.net:27017, ac-svd3c3e-shard-00-01.vlk2ru1.mongodb.net:27017, ac-svd3c3e-shard-00-02.vlk2ru1.mongodb.net:27017], passives=[], arbiters=[], primary='ac-svd3c3e-shard-00-01.vlk2ru1.mongodb.net:27017', tagSet=TagSet{[Tag{name='nodeType', value='ELECTABLE'}, Tag{name='provider', value='AWS'}, Tag{name='region', value='AP_SOUTH_1'}, Tag{name='workloadType', value='OPERATIONAL'}]}, electionId=null, setVersion=4, topologyVersion=TopologyVersion{processId=63b43e11090621ada962021c, counter=3}, lastWriteDate=Thu Jan 05 09:18:39 IST 2023, lastUpdateTimeNanos=255027970189900}
2023-01-05 09:18:39.792  INFO 6988 --- [restartedMain] DiscoveryClientOptionalArgsConfiguration : Eureka HTTP Client uses RestTemplate.
2023-01-05 09:18:40.130  WARN 6988 --- [restartedMain] iguration$LoadBalancerCaffeineWarnLogger : Spring Cloud LoadBalancer is currently working with the default cache. While this cache implementation is useful for development and tests, it's recommended to use Caffeine cache in production.You can switch to using Caffeine cache, by adding it and org.springframework.cache.caffeine.CaffeineCacheManager to the classpath.
2023-01-05 09:18:40.194  INFO 6988 --- [restartedMain] o.s.c.n.eureka.InstanceInfoFactory       : Setting initial instance status as: STARTING
2023-01-05 09:18:40.243  INFO 6988 --- [restartedMain] com.netflix.discovery.DiscoveryClient    : Initializing Eureka in region us-east-1
2023-01-05 09:18:40.243  INFO 6988 --- [restartedMain] c.n.d.s.r.aws.ConfigClusterResolver      : Resolving eureka endpoints via configuration
2023-01-05 09:18:40.270  INFO 6988 --- [restartedMain] com.netflix.discovery.DiscoveryClient    : Disable delta property : false
2023-01-05 09:18:40.270  INFO 6988 --- [restartedMain] com.netflix.discovery.DiscoveryClient    : Single vip registry refresh property : null
2023-01-05 09:18:40.270  INFO 6988 --- [restartedMain] com.netflix.discovery.DiscoveryClient    : Force full registry fetch : false
2023-01-05 09:18:40.270  INFO 6988 --- [restartedMain] com.netflix.discovery.DiscoveryClient    : Application is null : false
2023-01-05 09:18:40.270  INFO 6988 --- [restartedMain] com.netflix.discovery.DiscoveryClient    : Registered Applications size is zero : true
2023-01-05 09:18:40.270  INFO 6988 --- [restartedMain] com.netflix.discovery.DiscoveryClient    : Application version is -1: true
2023-01-05 09:18:40.270  INFO 6988 --- [restartedMain] com.netflix.discovery.DiscoveryClient    : Getting all instance registry info from the eureka server
2023-01-05 09:18:40.338  INFO 6988 --- [restartedMain] com.netflix.discovery.DiscoveryClient    : The response status is 200
2023-01-05 09:18:40.354  INFO 6988 --- [restartedMain] com.netflix.discovery.DiscoveryClient    : Starting heartbeat executor: renew interval is: 30
2023-01-05 09:18:40.354  INFO 6988 --- [restartedMain] c.n.discovery.InstanceInfoReplicator     : InstanceInfoReplicator onDemand update allowed rate per min is 4
2023-01-05 09:18:40.386  INFO 6988 --- [restartedMain] com.netflix.discovery.DiscoveryClient    : Discovery Client initialized at timestamp 1672890520386 with initial instances count: 6
2023-01-05 09:18:40.386  INFO 6988 --- [restartedMain] o.s.c.n.e.s.EurekaServiceRegistry        : Registering application USER-SERVICE with eureka with status UP
2023-01-05 09:18:40.386  INFO 6988 --- [restartedMain] com.netflix.discovery.DiscoveryClient    : Saw local status change event StatusChangeEvent [timestamp=1672890520386, current=UP, previous=STARTING]
2023-01-05 09:18:40.386  INFO 6988 --- [DiscoveryClient-InstanceInfoReplicator-0] com.netflix.discovery.DiscoveryClient    : DiscoveryClient_USER-SERVICE/LIN24010725.corp.capgemini.com:user-service:9093: registering service...
2023-01-05 09:18:40.402  INFO 6988 --- [restartedMain] o.s.b.w.embedded.tomcat.TomcatWebServer  : Tomcat started on port(s): 9093 (http) with context path ''
2023-01-05 09:18:40.402  INFO 6988 --- [restartedMain] .s.c.n.e.s.EurekaAutoServiceRegistration : Updating port to 9093
2023-01-05 09:18:40.424  INFO 6988 --- [DiscoveryClient-InstanceInfoReplicator-0] com.netflix.discovery.DiscoveryClient    : DiscoveryClient_USER-SERVICE/LIN24010725.corp.capgemini.com:user-service:9093 - registration status: 204
2023-01-05 09:18:40.738  INFO 6988 --- [restartedMain] d.s.w.p.DocumentationPluginsBootstrapper : Context refreshed
2023-01-05 09:18:40.738  INFO 6988 --- [restartedMain] d.s.w.p.DocumentationPluginsBootstrapper : Found 1 custom documentation plugin(s)
2023-01-05 09:18:40.754  INFO 6988 --- [restartedMain] s.d.s.w.s.ApiListingReferenceScanner     : Scanning for api listing references
2023-01-05 09:18:40.944  INFO 6988 --- [restartedMain] com.cg.UserServiceApplication            : Started UserServiceApplication in 3.889 seconds (JVM running for 147872.082)
2023-01-05 09:18:40.944  INFO 6988 --- [restartedMain] .ConditionEvaluationDeltaLoggingListener : Condition evaluation unchanged
2023-01-05 09:23:40.289  INFO 6988 --- [AsyncResolver-bootstrap-executor-0] c.n.d.s.r.aws.ConfigClusterResolver      : Resolving eureka endpoints via configuration
2023-01-05 09:28:40.294  INFO 6988 --- [AsyncResolver-bootstrap-executor-0] c.n.d.s.r.aws.ConfigClusterResolver      : Resolving eureka endpoints via configuration
2023-01-05 09:33:40.299  INFO 6988 --- [AsyncResolver-bootstrap-executor-0] c.n.d.s.r.aws.ConfigClusterResolver      : Resolving eureka endpoints via configuration
2023-01-05 09:38:40.302  INFO 6988 --- [AsyncResolver-bootstrap-executor-0] c.n.d.s.r.aws.ConfigClusterResolver      : Resolving eureka endpoints via configuration
2023-01-05 09:43:40.310  INFO 6988 --- [AsyncResolver-bootstrap-executor-0] c.n.d.s.r.aws.ConfigClusterResolver      : Resolving eureka endpoints via configuration
2023-01-05 09:48:40.315  INFO 6988 --- [AsyncResolver-bootstrap-executor-0] c.n.d.s.r.aws.ConfigClusterResolver      : Resolving eureka endpoints via configuration
2023-01-05 09:53:40.330  INFO 6988 --- [AsyncResolver-bootstrap-executor-0] c.n.d.s.r.aws.ConfigClusterResolver      : Resolving eureka endpoints via configuration
2023-01-05 09:58:40.342  INFO 6988 --- [AsyncResolver-bootstrap-executor-0] c.n.d.s.r.aws.ConfigClusterResolver      : Resolving eureka endpoints via configuration
2023-01-05 10:03:40.345  INFO 6988 --- [AsyncResolver-bootstrap-executor-0] c.n.d.s.r.aws.ConfigClusterResolver      : Resolving eureka endpoints via configuration
2023-01-05 10:08:40.351  INFO 6988 --- [AsyncResolver-bootstrap-executor-0] c.n.d.s.r.aws.ConfigClusterResolver      : Resolving eureka endpoints via configuration
2023-01-05 10:13:40.362  INFO 6988 --- [AsyncResolver-bootstrap-executor-0] c.n.d.s.r.aws.ConfigClusterResolver      : Resolving eureka endpoints via configuration
2023-01-05 10:18:40.361  INFO 6988 --- [AsyncResolver-bootstrap-executor-0] c.n.d.s.r.aws.ConfigClusterResolver      : Resolving eureka endpoints via configuration
2023-01-05 10:23:40.373  INFO 6988 --- [AsyncResolver-bootstrap-executor-0] c.n.d.s.r.aws.ConfigClusterResolver      : Resolving eureka endpoints via configuration
2023-01-05 10:28:40.375  INFO 6988 --- [AsyncResolver-bootstrap-executor-0] c.n.d.s.r.aws.ConfigClusterResolver      : Resolving eureka endpoints via configuration
2023-01-05 10:33:40.376  INFO 6988 --- [AsyncResolver-bootstrap-executor-0] c.n.d.s.r.aws.ConfigClusterResolver      : Resolving eureka endpoints via configuration
2023-01-05 10:38:40.374  INFO 6988 --- [AsyncResolver-bootstrap-executor-0] c.n.d.s.r.aws.ConfigClusterResolver      : Resolving eureka endpoints via configuration
2023-01-05 10:43:40.374  INFO 6988 --- [AsyncResolver-bootstrap-executor-0] c.n.d.s.r.aws.ConfigClusterResolver      : Resolving eureka endpoints via configuration
